


ARM Macro Assembler    Page 1 


    1 00000000         ; main.s
    2 00000000         ; Your named 
    3 00000000         ; Runs on LM3S1968
    4 00000000         ; Lab 2 EE319K Summer 2012
    5 00000000         ; Toggle on PG2 LED if select switch pressed pressed
    6 00000000         ; Date Created: May 23, 2012 
    7 00000000         ; Last Modified: 6/4/2012 
    8 00000000         
    9 00000000         ; "Status" LED connected to PG2     positive logic
   10 00000000         ; "Select" button connected to PG7  negative logic
   11 00000000         
   12 00000000         
   13 00000000 400263FC 
                       GPIO_PORTG_DATA_R
                               EQU              0x400263FC
   14 00000000 40026010 
                       GPIO_PORTG_2
                               EQU              0x40026010
   15 00000000 40026400 
                       GPIO_PORTG_DIR_R
                               EQU              0x40026400
   16 00000000 40026420 
                       GPIO_PORTG_AFSEL_R
                               EQU              0x40026420
   17 00000000 40026510 
                       GPIO_PORTG_PUR_R
                               EQU              0x40026510
   18 00000000 4002651C 
                       GPIO_PORTG_DEN_R
                               EQU              0x4002651C
   19 00000000 400FE108 
                       SYSCTL_RCGC2_R
                               EQU              0x400FE108
   20 00000000 00000040 
                       SYSCTL_RCGC2_GPIOG
                               EQU              0x00000040
   21 00000000 E000E010 
                       NVIC_ST_CTRL_R
                               EQU              0xE000E010
   22 00000000 E000E014 
                       NVIC_ST_RELOAD_R
                               EQU              0xE000E014
   23 00000000 E000E018 
                       NVIC_ST_CURRENT_R
                               EQU              0xE000E018
   24 00000000 00FFFFFF 
                       NVIC_ST_RELOAD_M
                               EQU              0x00FFFFFF
   25 00000000 00002ED0 
                       SYSTICK_DELAY_1MS
                               EQU              0x00002ED0
   26 00000000 00003FF0 
                       DELAY_1MS
                               EQU              0x00003FF0
   27 00000000         
   28 00000000         
   29 00000000                 AREA             |.text|, CODE, READONLY, ALIGN=
2
   30 00000000                 THUMB



ARM Macro Assembler    Page 2 


   31 00000000                 EXPORT           Start
   32 00000000         
   33 00000000         Start
   34 00000000         ; Initialize clock
   35 00000000 4926            LDR              R1, =SYSCTL_RCGC2_R
   36 00000002 F04F 0040       LDR              R0, =SYSCTL_RCGC2_GPIOG
   37 00000006 6008            STR              R0, [R1]
   38 00000008 BF00            NOP
   39 0000000A BF00            NOP
   40 0000000C F000 F829       BL               SysTick_Init
   41 00000010         ; Set direction register (pins 2&7)
   42 00000010 4923            LDR              R1, =GPIO_PORTG_DIR_R
   43 00000012 6808            LDR              R0, [R1]
   44 00000014 F020 0080       BIC              R0, #0x80
   45 00000018 F040 0004       ORR              R0, #0x04
   46 0000001C 6008            STR              R0, [R1]
   47 0000001E         ; Disable alternate function (pins 2&7)
   48 0000001E 4921            LDR              R1, =GPIO_PORTG_AFSEL_R
   49 00000020 6808            LDR              R0, [R1]
   50 00000022 F020 0084       BIC              R0, #0x84
   51 00000026 6008            STR              R0, [R1]
   52 00000028         ; Digital enable (pins 2&7)
   53 00000028 491F            LDR              R1, =GPIO_PORTG_DEN_R
   54 0000002A 6808            LDR              R0, [R1]
   55 0000002C F040 0084       ORR              R0, #0x84
   56 00000030 6008            STR              R0, [R1]
   57 00000032         ; Load initial toggle value
   58 00000032 F04F 0100       MOV              R1, #0x00
   59 00000036 4A1D            LDR              R2, =GPIO_PORTG_DATA_R
   60 00000038 4B1D            LDR              R3, =GPIO_PORTG_2
   61 0000003A         loop
   62 0000003A 6810            LDR              R0, [R2]
   63 0000003C         ; Toggle R1 bit 7
   64 0000003C F081 0180       EOR              R1, R1, #0x80
   65 00000040 F080 0080       EOR              R0, R0, #0x80
   66 00000044 EA00 0001       AND              R0, R0, R1
   67 00000048 EA4F 1050       LSR              R0, R0, #0x05
   68 0000004C 6018            STR              R0, [R3]
   69 0000004E F000 F817       BL               SysTick_Wait_1ms
   70 00000052 E7F2            B                loop
   71 00000054         
   72 00000054         Wait_1ms
   73 00000054 B503            PUSH             {R0, R1, LR}
   74 00000056 F643 71F0       LDR              R1, =DELAY_1MS
   75 0000005A 4608            MOV              R0, R1
   76 0000005C         busy_loop
   77 0000005C 1E40            SUBS             R0, R0, #0x01
   78 0000005E D1FD            BNE              busy_loop
   79 00000060 BD03            POP              {R0, R1, PC}
   80 00000062         
   81 00000062         SysTick_Init
   82 00000062         ; Disable SysTick
   83 00000062 4814            LDR              R0, =NVIC_ST_CTRL_R
   84 00000064 F04F 0100       MOV              R1, #0x00
   85 00000068 6001            STR              R1, [R0]
   86 0000006A         ; Set RELOAD Value
   87 0000006A 4913            LDR              R1, =NVIC_ST_RELOAD_R
   88 0000006C 4A13            LDR              R2, =NVIC_ST_RELOAD_M
   89 0000006E 600A            STR              R2, [R1]



ARM Macro Assembler    Page 3 


   90 00000070         ; Reset CURRENT
   91 00000070 4913            LDR              R1, =NVIC_ST_CURRENT_R
   92 00000072 F04F 0200       MOV              R2, #0x00
   93 00000076 600A            STR              R2, [R1]
   94 00000078         ; Initialize SysTick
   95 00000078 F04F 0105       MOV              R1, #0x05
   96 0000007C 6001            STR              R1, [R0]
   97 0000007E 4770            BX               LR
   98 00000080         
   99 00000080         SysTick_Wait_1ms
  100 00000080 B50F            PUSH             {R0, R1, R2, R3, LR}
  101 00000082         ; Loads first value of clock
  102 00000082 490F            LDR              R1, =NVIC_ST_CURRENT_R
  103 00000084 680A            LDR              R2, [R1]
  104 00000086 F642 60D0       LDR              R0, =SYSTICK_DELAY_1MS
  105 0000008A         SysTick_Wait_1ms_loop
  106 0000008A 680B            LDR              R3, [R1]
  107 0000008C EBA2 0303       SUB              R3, R2, R3
  108 00000090 F023 437F       AND              R3, R3, #0x00FFFFFF
  109 00000094 4283            CMP              R3, R0
  110 00000096 D9F8            BLS              SysTick_Wait_1ms_loop
  111 00000098 BD0F            POP              {R0, R1, R2, R3, PC}
  112 0000009A         
  113 0000009A 00 00           ALIGN                        ; make sure the end
                                                             of this section is
                                                             aligned
  114 0000009C                 END                          ; end of file
              400FE108 
              40026400 
              40026420 
              4002651C 
              400263FC 
              40026010 
              E000E010 
              E000E014 
              00FFFFFF 
              E000E018 
Command Line: --debug --xref --cpu=Cortex-M3 --apcs=interwork --depend=main.d -
omain.o -IC:\Keil\ARM\RV31\INC -IC:\Keil\ARM\CMSIS\Include -IC:\Keil\ARM\Inc\Lu
minary --list=main.lst main.s



ARM Macro Assembler    Page 1 Alphabetic symbol ordering
Relocatable symbols

.text 00000000

Symbol: .text
   Definitions
      At line 29 in file main.s
   Uses
      None
Comment: .text unused
Start 00000000

Symbol: Start
   Definitions
      At line 33 in file main.s
   Uses
      At line 31 in file main.s
Comment: Start used once
SysTick_Init 00000062

Symbol: SysTick_Init
   Definitions
      At line 81 in file main.s
   Uses
      At line 40 in file main.s
Comment: SysTick_Init used once
SysTick_Wait_1ms 00000080

Symbol: SysTick_Wait_1ms
   Definitions
      At line 99 in file main.s
   Uses
      At line 69 in file main.s
Comment: SysTick_Wait_1ms used once
SysTick_Wait_1ms_loop 0000008A

Symbol: SysTick_Wait_1ms_loop
   Definitions
      At line 105 in file main.s
   Uses
      At line 110 in file main.s
Comment: SysTick_Wait_1ms_loop used once
Wait_1ms 00000054

Symbol: Wait_1ms
   Definitions
      At line 72 in file main.s
   Uses
      None
Comment: Wait_1ms unused
busy_loop 0000005C

Symbol: busy_loop
   Definitions
      At line 76 in file main.s
   Uses
      At line 78 in file main.s
Comment: busy_loop used once
loop 0000003A

Symbol: loop



ARM Macro Assembler    Page 2 Alphabetic symbol ordering
Relocatable symbols

   Definitions
      At line 61 in file main.s
   Uses
      At line 70 in file main.s
Comment: loop used once
8 symbols



ARM Macro Assembler    Page 1 Alphabetic symbol ordering
Absolute symbols

DELAY_1MS 00003FF0

Symbol: DELAY_1MS
   Definitions
      At line 26 in file main.s
   Uses
      At line 74 in file main.s
Comment: DELAY_1MS used once
GPIO_PORTG_2 40026010

Symbol: GPIO_PORTG_2
   Definitions
      At line 14 in file main.s
   Uses
      At line 60 in file main.s
Comment: GPIO_PORTG_2 used once
GPIO_PORTG_AFSEL_R 40026420

Symbol: GPIO_PORTG_AFSEL_R
   Definitions
      At line 16 in file main.s
   Uses
      At line 48 in file main.s
Comment: GPIO_PORTG_AFSEL_R used once
GPIO_PORTG_DATA_R 400263FC

Symbol: GPIO_PORTG_DATA_R
   Definitions
      At line 13 in file main.s
   Uses
      At line 59 in file main.s
Comment: GPIO_PORTG_DATA_R used once
GPIO_PORTG_DEN_R 4002651C

Symbol: GPIO_PORTG_DEN_R
   Definitions
      At line 18 in file main.s
   Uses
      At line 53 in file main.s
Comment: GPIO_PORTG_DEN_R used once
GPIO_PORTG_DIR_R 40026400

Symbol: GPIO_PORTG_DIR_R
   Definitions
      At line 15 in file main.s
   Uses
      At line 42 in file main.s
Comment: GPIO_PORTG_DIR_R used once
GPIO_PORTG_PUR_R 40026510

Symbol: GPIO_PORTG_PUR_R
   Definitions
      At line 17 in file main.s
   Uses
      None
Comment: GPIO_PORTG_PUR_R unused
NVIC_ST_CTRL_R E000E010

Symbol: NVIC_ST_CTRL_R



ARM Macro Assembler    Page 2 Alphabetic symbol ordering
Absolute symbols

   Definitions
      At line 21 in file main.s
   Uses
      At line 83 in file main.s
Comment: NVIC_ST_CTRL_R used once
NVIC_ST_CURRENT_R E000E018

Symbol: NVIC_ST_CURRENT_R
   Definitions
      At line 23 in file main.s
   Uses
      At line 91 in file main.s
      At line 102 in file main.s

NVIC_ST_RELOAD_M 00FFFFFF

Symbol: NVIC_ST_RELOAD_M
   Definitions
      At line 24 in file main.s
   Uses
      At line 88 in file main.s
Comment: NVIC_ST_RELOAD_M used once
NVIC_ST_RELOAD_R E000E014

Symbol: NVIC_ST_RELOAD_R
   Definitions
      At line 22 in file main.s
   Uses
      At line 87 in file main.s
Comment: NVIC_ST_RELOAD_R used once
SYSCTL_RCGC2_GPIOG 00000040

Symbol: SYSCTL_RCGC2_GPIOG
   Definitions
      At line 20 in file main.s
   Uses
      At line 36 in file main.s
Comment: SYSCTL_RCGC2_GPIOG used once
SYSCTL_RCGC2_R 400FE108

Symbol: SYSCTL_RCGC2_R
   Definitions
      At line 19 in file main.s
   Uses
      At line 35 in file main.s
Comment: SYSCTL_RCGC2_R used once
SYSTICK_DELAY_1MS 00002ED0

Symbol: SYSTICK_DELAY_1MS
   Definitions
      At line 25 in file main.s
   Uses
      At line 104 in file main.s
Comment: SYSTICK_DELAY_1MS used once
14 symbols
354 symbols in table
