


ARM Macro Assembler    Page 1 


    1 00000000         ; <<< Use Configuration Wizard in Context Menu >>>
    2 00000000         ;*******************************************************
                       ***********************
    3 00000000         ;
    4 00000000         ; Startup.s - Startup code for Stellaris.
    5 00000000         ;
    6 00000000         ; Copyright (c) 2006-2008 Luminary Micro, Inc.  All righ
                       ts reserved.
    7 00000000         ; 
    8 00000000         ; Software License Agreement
    9 00000000         ; 
   10 00000000         ; Luminary Micro, Inc. (LMI) is supplying this software 
                       for use solely and
   11 00000000         ; exclusively on LMI's microcontroller products.
   12 00000000         ; 
   13 00000000         ; The software is owned by LMI and/or its suppliers, and
                        is protected under
   14 00000000         ; applicable copyright laws.  All rights are reserved.  
                       You may not combine
   15 00000000         ; this software with "viral" open-source software in ord
                       er to form a larger
   16 00000000         ; program.  Any use in violation of the foregoing restri
                       ctions may subject
   17 00000000         ; the user to criminal sanctions under applicable laws, 
                       as well as to civil
   18 00000000         ; liability for the breach of the terms and conditions o
                       f this license.
   19 00000000         ; 
   20 00000000         ; THIS SOFTWARE IS PROVIDED "AS IS".  NO WARRANTIES, WHE
                       THER EXPRESS, IMPLIED
   21 00000000         ; OR STATUTORY, INCLUDING, BUT NOT LIMITED TO, IMPLIED W
                       ARRANTIES OF
   22 00000000         ; MERCHANTABILITY AND FITNESS FOR A PARTICULAR PURPOSE A
                       PPLY TO THIS SOFTWARE.
   23 00000000         ; LMI SHALL NOT, IN ANY CIRCUMSTANCES, BE LIABLE FOR SPE
                       CIAL, INCIDENTAL, OR
   24 00000000         ; CONSEQUENTIAL DAMAGES, FOR ANY REASON WHATSOEVER.
   25 00000000         ; 
   26 00000000         ; This is part of revision 2523 of the Stellaris Periphe
                       ral Driver Library.
   27 00000000         ;
   28 00000000         ;*******************************************************
                       ***********************
   29 00000000         
   30 00000000         ;*******************************************************
                       ***********************
   31 00000000         ;
   32 00000000         ; <o> Stack Size (in Bytes) <0x0-0xFFFFFFFF:8>
   33 00000000         ;
   34 00000000         ;*******************************************************
                       ***********************
   35 00000000 00000400 
                       Stack   EQU              0x00000400
   36 00000000         
   37 00000000         ;*******************************************************
                       ***********************
   38 00000000         ;
   39 00000000         ; Allocate space for the stack.
   40 00000000         ;



ARM Macro Assembler    Page 2 


   41 00000000         ;*******************************************************
                       ***********************
   42 00000000                 AREA             STACK, NOINIT, READWRITE, ALIGN
=3
   43 00000000         StackMem
   44 00000000                 SPACE            Stack
   45 00000400         __initial_sp
   46 00000400         
   47 00000400         ;*******************************************************
                       ***********************
   48 00000400         ;
   49 00000400         ; Indicate that the code in this file preserves 8-byte a
                       lignment of the stack.
   50 00000400         ;
   51 00000400         ;*******************************************************
                       ***********************
   52 00000400                 PRESERVE8
   53 00000400         
   54 00000400         ;*******************************************************
                       ***********************
   55 00000400         ;
   56 00000400         ; Place code into the reset code section.
   57 00000400         ;
   58 00000400         ;*******************************************************
                       ***********************
   59 00000400                 AREA             RESET, CODE, READONLY
   60 00000000                 THUMB
   61 00000000         
   62 00000000         ;*******************************************************
                       ***********************
   63 00000000         ;
   64 00000000         ; External declarations for the interrupt handlers used 
                       by the application.
   65 00000000         ;
   66 00000000         ;*******************************************************
                       ***********************
   67 00000000         
   68 00000000         ;*******************************************************
                       ***********************
   69 00000000         ;
   70 00000000         ; The vector table.
   71 00000000         ;
   72 00000000         ;*******************************************************
                       ***********************
   73 00000000                 EXPORT           __Vectors
   74 00000000         __Vectors
   75 00000000 00000400        DCD              StackMem + Stack ; Top of Stack
                                                            
   76 00000004 00000000        DCD              Reset_Handler ; Reset Handler
   77 00000008 00000000        DCD              NMI_Handler ; NMI Handler
   78 0000000C 00000000        DCD              HardFault_Handler ; Hard Fault 
                                                            Handler
   79 00000010 00000000        DCD              MemManage_Handler 
                                                            ; MPU Fault Handler
                                                            
   80 00000014 00000000        DCD              BusFault_Handler 
                                                            ; Bus Fault Handler
                                                            
   81 00000018 00000000        DCD              UsageFault_Handler ; Usage Faul



ARM Macro Assembler    Page 3 


                                                            t Handler
   82 0000001C 00000000        DCD              0           ; Reserved
   83 00000020 00000000        DCD              0           ; Reserved
   84 00000024 00000000        DCD              0           ; Reserved
   85 00000028 00000000        DCD              0           ; Reserved
   86 0000002C 00000000        DCD              SVC_Handler ; SVCall Handler
   87 00000030 00000000        DCD              DebugMon_Handler ; Debug Monito
                                                            r Handler
   88 00000034 00000000        DCD              0           ; Reserved
   89 00000038 00000000        DCD              PendSV_Handler ; PendSV Handler
                                                            
   90 0000003C 00000000        DCD              SysTick_Handler 
                                                            ; SysTick Handler
   91 00000040 00000000        DCD              GPIOPortA_Handler ; GPIO Port A
                                                            
   92 00000044 00000000        DCD              GPIOPortB_Handler ; GPIO Port B
                                                            
   93 00000048 00000000        DCD              GPIOPortC_Handler ; GPIO Port C
                                                            
   94 0000004C 00000000        DCD              GPIOPortD_Handler ; GPIO Port D
                                                            
   95 00000050 00000000        DCD              GPIOPortE_Handler ; GPIO Port E
                                                            
   96 00000054 00000000        DCD              UART0_Handler ; UART0
   97 00000058 00000000        DCD              UART1_Handler ; UART1
   98 0000005C 00000000        DCD              SSI0_Handler ; SSI
   99 00000060 00000000        DCD              I2C0_Handler ; I2C
  100 00000064 00000000        DCD              PWMFault_Handler ; PWM Fault
  101 00000068 00000000        DCD              PWM0_Handler ; PWM Generator 0
  102 0000006C 00000000        DCD              PWM1_Handler ; PWM Generator 1
  103 00000070 00000000        DCD              PWM2_Handler ; PWM Generator 2
  104 00000074 00000000        DCD              Quadrature0_Handler ; Quadratur
                                                            e Encoder
  105 00000078 00000000        DCD              ADC0_Handler ; ADC Sequence 0
  106 0000007C 00000000        DCD              ADC1_Handler ; ADC Sequence 1
  107 00000080 00000000        DCD              ADC2_Handler ; ADC Sequence 2
  108 00000084 00000000        DCD              ADC3_Handler ; ADC Sequence 3
  109 00000088 00000000        DCD              WDT_Handler ; Watchdog
  110 0000008C 00000000        DCD              Timer0A_Handler ; Timer 0A
  111 00000090 00000000        DCD              Timer0B_Handler ; Timer 0B
  112 00000094 00000000        DCD              Timer1A_Handler ; Timer 1A
  113 00000098 00000000        DCD              Timer1B_Handler ; Timer 1B
  114 0000009C 00000000        DCD              Timer2A_Handler ; Timer 2A
  115 000000A0 00000000        DCD              Timer2B_Handler ; Timer 2B
  116 000000A4 00000000        DCD              Comp0_Handler ; Comp 0
  117 000000A8 00000000        DCD              Comp1_Handler ; Comp 1
  118 000000AC 00000000        DCD              Comp2_Handler ; Comp 2
  119 000000B0 00000000        DCD              SysCtl_Handler ; System Control
                                                            
  120 000000B4 00000000        DCD              FlashCtl_Handler 
                                                            ; Flash Control
  121 000000B8 00000000        DCD              GPIOPortF_Handler ; GPIO Port F
                                                            
  122 000000BC 00000000        DCD              GPIOPortG_Handler ; GPIO Port G
                                                            
  123 000000C0 00000000        DCD              GPIOPortH_Handler ; GPIO Port H
                                                            
  124 000000C4 00000000        DCD              UART2_Handler ; UART2 Rx and Tx
                                                            



ARM Macro Assembler    Page 4 


  125 000000C8 00000000        DCD              SSI1_Handler ; SSI1 Rx and Tx
  126 000000CC 00000000        DCD              Timer3A_Handler ; Timer 3 subti
                                                            mer A
  127 000000D0 00000000        DCD              Timer3B_Handler ; Timer 3 subti
                                                            mer B
  128 000000D4 00000000        DCD              I2C1_Handler ; I2C1 Master and 
                                                            Slave
  129 000000D8 00000000        DCD              Quadrature1_Handler ; Quadratur
                                                            e Encoder 1
  130 000000DC 00000000        DCD              CAN0_Handler ; CAN0
  131 000000E0 00000000        DCD              CAN1_Handler ; CAN1
  132 000000E4 00000000        DCD              CAN2_Handler ; CAN2
  133 000000E8 00000000        DCD              Ethernet_Handler ; Ethernet
  134 000000EC 00000000        DCD              Hibernate_Handler ; Hibernate
  135 000000F0 00000000        DCD              USB0_Handler ; USB0
  136 000000F4 00000000        DCD              PWM3_Handler ; PWM Generator 3
  137 000000F8 00000000        DCD              uDMA_Handler ; uDMA Software Tr
                                                            ansfer
  138 000000FC 00000000        DCD              uDMA_Error  ; uDMA Error
  139 00000100         
  140 00000100         ;*******************************************************
                       ***********************
  141 00000100         ;
  142 00000100         ; This is the code that gets called when the processor f
                       irst starts execution
  143 00000100         ; following a reset event.
  144 00000100         ;
  145 00000100         ;*******************************************************
                       ***********************
  146 00000100                 EXPORT           Reset_Handler
  147 00000100         Reset_Handler
  148 00000100                 IMPORT           Start
  149 00000100 F7FF BFFE       B                Start       ;call user program
  150 00000104         
  151 00000104         ;*******************************************************
                       ***********************
  152 00000104         ;
  153 00000104         ; This is the code that gets called when the processor r
                       eceives a NMI.  This
  154 00000104         ; simply enters an infinite loop, preserving the system 
                       state for examination
  155 00000104         ; by a debugger.
  156 00000104         ;
  157 00000104         ;*******************************************************
                       ***********************
  158 00000104         NMI_Handler
                               PROC
  159 00000104                 EXPORT           NMI_Handler               [WEAK
]
  160 00000104 E7FE            B                .
  161 00000106                 ENDP
  162 00000106         
  163 00000106         ;*******************************************************
                       ***********************
  164 00000106         ;
  165 00000106         ; This is the code that gets called when the processor r
                       eceives a fault
  166 00000106         ; interrupt.  This simply enters an infinite loop, prese
                       rving the system state



ARM Macro Assembler    Page 5 


  167 00000106         ; for examination by a debugger.
  168 00000106         ;
  169 00000106         ;*******************************************************
                       ***********************
  171 00000106         HardFault_Handler
                               PROC
  172 00000106                 EXPORT           HardFault_Handler         [WEAK
]
  173 00000106 E7FE            B                .
  174 00000108                 ENDP
  175 00000108         
  176 00000108         ;*******************************************************
                       ***********************
  177 00000108         ;
  178 00000108         ; This is the code that gets called when the processor r
                       eceives an unexpected
  179 00000108         ; interrupt.  This simply enters an infinite loop, prese
                       rving the system state
  180 00000108         ; for examination by a debugger.
  181 00000108         ;
  182 00000108         ;*******************************************************
                       ***********************
  184 00000108         MemManage_Handler
                               PROC
  185 00000108                 EXPORT           MemManage_Handler         [WEAK
]
  186 00000108 E7FE            B                .
  187 0000010A                 ENDP
  189 0000010A         BusFault_Handler
                               PROC
  190 0000010A                 EXPORT           BusFault_Handler          [WEAK
]
  191 0000010A E7FE            B                .
  192 0000010C                 ENDP
  194 0000010C         UsageFault_Handler
                               PROC
  195 0000010C                 EXPORT           UsageFault_Handler        [WEAK
]
  196 0000010C E7FE            B                .
  197 0000010E                 ENDP
  198 0000010E         SVC_Handler
                               PROC
  199 0000010E                 EXPORT           SVC_Handler               [WEAK
]
  200 0000010E E7FE            B                .
  201 00000110                 ENDP
  203 00000110         DebugMon_Handler
                               PROC
  204 00000110                 EXPORT           DebugMon_Handler          [WEAK
]
  205 00000110 E7FE            B                .
  206 00000112                 ENDP
  207 00000112         PendSV_Handler
                               PROC
  208 00000112                 EXPORT           PendSV_Handler            [WEAK
]
  209 00000112 E7FE            B                .
  210 00000114                 ENDP
  211 00000114         SysTick_Handler



ARM Macro Assembler    Page 6 


                               PROC
  212 00000114                 EXPORT           SysTick_Handler           [WEAK
]
  213 00000114 E7FE            B                .
  214 00000116                 ENDP
  216 00000116         IntDefaultHandler
                               PROC
  217 00000116         
  218 00000116                 EXPORT           GPIOPortA_Handler         [WEAK
]
  219 00000116                 EXPORT           GPIOPortB_Handler         [WEAK
]
  220 00000116                 EXPORT           GPIOPortC_Handler         [WEAK
]
  221 00000116                 EXPORT           GPIOPortD_Handler         [WEAK
]
  222 00000116                 EXPORT           GPIOPortE_Handler         [WEAK
]
  223 00000116                 EXPORT           UART0_Handler             [WEAK
]
  224 00000116                 EXPORT           UART1_Handler             [WEAK
]
  225 00000116                 EXPORT           SSI0_Handler              [WEAK
]
  226 00000116                 EXPORT           I2C0_Handler              [WEAK
]
  227 00000116                 EXPORT           PWMFault_Handler          [WEAK
]
  228 00000116                 EXPORT           PWM0_Handler              [WEAK
]
  229 00000116                 EXPORT           PWM1_Handler              [WEAK
]
  230 00000116                 EXPORT           PWM2_Handler              [WEAK
]
  231 00000116                 EXPORT           Quadrature0_Handler       [WEAK
]
  232 00000116                 EXPORT           ADC0_Handler              [WEAK
]
  233 00000116                 EXPORT           ADC1_Handler              [WEAK
]
  234 00000116                 EXPORT           ADC2_Handler              [WEAK
]
  235 00000116                 EXPORT           ADC3_Handler              [WEAK
]
  236 00000116                 EXPORT           WDT_Handler               [WEAK
]
  237 00000116                 EXPORT           Timer0A_Handler           [WEAK
]
  238 00000116                 EXPORT           Timer0B_Handler           [WEAK
]
  239 00000116                 EXPORT           Timer1A_Handler           [WEAK
]
  240 00000116                 EXPORT           Timer1B_Handler           [WEAK
]
  241 00000116                 EXPORT           Timer2A_Handler           [WEAK
]
  242 00000116                 EXPORT           Timer2B_Handler           [WEAK
]
  243 00000116                 EXPORT           Comp0_Handler             [WEAK



ARM Macro Assembler    Page 7 


]
  244 00000116                 EXPORT           Comp1_Handler             [WEAK
]
  245 00000116                 EXPORT           Comp2_Handler             [WEAK
]
  246 00000116                 EXPORT           SysCtl_Handler            [WEAK
]
  247 00000116                 EXPORT           FlashCtl_Handler          [WEAK
]
  248 00000116                 EXPORT           GPIOPortF_Handler         [WEAK
]
  249 00000116                 EXPORT           GPIOPortG_Handler         [WEAK
]
  250 00000116                 EXPORT           GPIOPortH_Handler         [WEAK
]
  251 00000116                 EXPORT           UART2_Handler             [WEAK
]
  252 00000116                 EXPORT           SSI1_Handler              [WEAK
]
  253 00000116                 EXPORT           Timer3A_Handler           [WEAK
]
  254 00000116                 EXPORT           Timer3B_Handler           [WEAK
]
  255 00000116                 EXPORT           I2C1_Handler              [WEAK
]
  256 00000116                 EXPORT           Quadrature1_Handler       [WEAK
]
  257 00000116                 EXPORT           CAN0_Handler              [WEAK
]
  258 00000116                 EXPORT           CAN1_Handler              [WEAK
]
  259 00000116                 EXPORT           CAN2_Handler              [WEAK
]
  260 00000116                 EXPORT           Ethernet_Handler          [WEAK
]
  261 00000116                 EXPORT           Hibernate_Handler         [WEAK
]
  262 00000116                 EXPORT           USB0_Handler              [WEAK
]
  263 00000116                 EXPORT           PWM3_Handler              [WEAK
]
  264 00000116                 EXPORT           uDMA_Handler              [WEAK
]
  265 00000116                 EXPORT           uDMA_Error                [WEAK
]
  266 00000116         
  267 00000116         GPIOPortA_Handler
  268 00000116         GPIOPortB_Handler
  269 00000116         GPIOPortC_Handler
  270 00000116         GPIOPortD_Handler
  271 00000116         GPIOPortE_Handler
  272 00000116         UART0_Handler
  273 00000116         UART1_Handler
  274 00000116         SSI0_Handler
  275 00000116         I2C0_Handler
  276 00000116         PWMFault_Handler
  277 00000116         PWM0_Handler
  278 00000116         PWM1_Handler
  279 00000116         PWM2_Handler



ARM Macro Assembler    Page 8 


  280 00000116         Quadrature0_Handler
  281 00000116         ADC0_Handler
  282 00000116         ADC1_Handler
  283 00000116         ADC2_Handler
  284 00000116         ADC3_Handler
  285 00000116         WDT_Handler
  286 00000116         Timer0A_Handler
  287 00000116         Timer0B_Handler
  288 00000116         Timer1A_Handler
  289 00000116         Timer1B_Handler
  290 00000116         Timer2A_Handler
  291 00000116         Timer2B_Handler
  292 00000116         Comp0_Handler
  293 00000116         Comp1_Handler
  294 00000116         Comp2_Handler
  295 00000116         SysCtl_Handler
  296 00000116         FlashCtl_Handler
  297 00000116         GPIOPortF_Handler
  298 00000116         GPIOPortG_Handler
  299 00000116         GPIOPortH_Handler
  300 00000116         UART2_Handler
  301 00000116         SSI1_Handler
  302 00000116         Timer3A_Handler
  303 00000116         Timer3B_Handler
  304 00000116         I2C1_Handler
  305 00000116         Quadrature1_Handler
  306 00000116         CAN0_Handler
  307 00000116         CAN1_Handler
  308 00000116         CAN2_Handler
  309 00000116         Ethernet_Handler
  310 00000116         Hibernate_Handler
  311 00000116         USB0_Handler
  312 00000116         PWM3_Handler
  313 00000116         uDMA_Handler
  314 00000116         uDMA_Error
  315 00000116 E7FE            B                .
  316 00000118         
  317 00000118                 ENDP
  318 00000118         
  319 00000118         ;*******************************************************
                       ***********************
  320 00000118         ;
  321 00000118         ; Useful functions.
  322 00000118         ;
  323 00000118         ;*******************************************************
                       ***********************
  324 00000118                 EXPORT           DisableInterrupts
  325 00000118                 EXPORT           EnableInterrupts
  326 00000118                 EXPORT           StartCritical
  327 00000118                 EXPORT           EndCritical
  328 00000118                 EXPORT           WaitForInterrupt
  329 00000118         
  330 00000118         ;*********** DisableInterrupts ***************
  331 00000118         ; disable interrupts
  332 00000118         ; inputs:  none
  333 00000118         ; outputs: none
  334 00000118         DisableInterrupts
  335 00000118 B672            CPSID            I
  336 0000011A 4770            BX               LR



ARM Macro Assembler    Page 9 


  337 0000011C         
  338 0000011C         ;*********** EnableInterrupts ***************
  339 0000011C         ; disable interrupts
  340 0000011C         ; inputs:  none
  341 0000011C         ; outputs: none
  342 0000011C         EnableInterrupts
  343 0000011C B662            CPSIE            I
  344 0000011E 4770            BX               LR
  345 00000120         
  346 00000120         ;*********** StartCritical ************************
  347 00000120         ; make a copy of previous I bit, disable interrupts
  348 00000120         ; inputs:  none
  349 00000120         ; outputs: previous I bit
  350 00000120         StartCritical
  351 00000120 F3EF 8010       MRS              R0, PRIMASK ; save old status
  352 00000124 B672            CPSID            I           ; mask all (except 
                                                            faults)
  353 00000126 4770            BX               LR
  354 00000128         
  355 00000128         ;*********** EndCritical ************************
  356 00000128         ; using the copy of previous I bit, restore I bit to pre
                       vious value
  357 00000128         ; inputs:  previous I bit
  358 00000128         ; outputs: none
  359 00000128         EndCritical
  360 00000128 F380 8810       MSR              PRIMASK, R0
  361 0000012C 4770            BX               LR
  362 0000012E         
  363 0000012E         ;*********** WaitForInterrupt ************************
  364 0000012E         ; go to low power mode while waiting for the next interr
                       upt
  365 0000012E         ; inputs:  none
  366 0000012E         ; outputs: none
  367 0000012E         WaitForInterrupt
  368 0000012E BF30            WFI
  369 00000130 4770            BX               LR
  370 00000132         
  371 00000132         ;*******************************************************
                       ***********************
  372 00000132         ;
  373 00000132         ; Make sure the end of this section is aligned.
  374 00000132         ;
  375 00000132         ;*******************************************************
                       ***********************
  376 00000132 00 00           ALIGN
  377 00000134         
  378 00000134         ;*******************************************************
                       ***********************
  379 00000134         ;
  380 00000134         ; Tell the assembler that we're done.
  381 00000134         ;
  382 00000134         ;*******************************************************
                       ***********************
  383 00000134                 END
Command Line: --debug --xref --cpu=Cortex-M3 --apcs=interwork --depend=Startup.
d -oStartup.o -IC:\Keil\ARM\RV31\INC -IC:\Keil\ARM\CMSIS\Include -IC:\Keil\ARM\
Inc\Luminary --list=Startup.lst Startup.s



ARM Macro Assembler    Page 1 Alphabetic symbol ordering
Relocatable symbols

STACK 00000000

Symbol: STACK
   Definitions
      At line 42 in file Startup.s
   Uses
      None
Comment: STACK unused
StackMem 00000000

Symbol: StackMem
   Definitions
      At line 43 in file Startup.s
   Uses
      At line 75 in file Startup.s
Comment: StackMem used once
__initial_sp 00000400

Symbol: __initial_sp
   Definitions
      At line 45 in file Startup.s
   Uses
      None
Comment: __initial_sp unused
3 symbols



ARM Macro Assembler    Page 1 Alphabetic symbol ordering
Relocatable symbols

ADC0_Handler 00000116

Symbol: ADC0_Handler
   Definitions
      At line 281 in file Startup.s
   Uses
      At line 105 in file Startup.s
      At line 232 in file Startup.s

ADC1_Handler 00000116

Symbol: ADC1_Handler
   Definitions
      At line 282 in file Startup.s
   Uses
      At line 106 in file Startup.s
      At line 233 in file Startup.s

ADC2_Handler 00000116

Symbol: ADC2_Handler
   Definitions
      At line 283 in file Startup.s
   Uses
      At line 107 in file Startup.s
      At line 234 in file Startup.s

ADC3_Handler 00000116

Symbol: ADC3_Handler
   Definitions
      At line 284 in file Startup.s
   Uses
      At line 108 in file Startup.s
      At line 235 in file Startup.s

BusFault_Handler 0000010A

Symbol: BusFault_Handler
   Definitions
      At line 189 in file Startup.s
   Uses
      At line 80 in file Startup.s
      At line 190 in file Startup.s

CAN0_Handler 00000116

Symbol: CAN0_Handler
   Definitions
      At line 306 in file Startup.s
   Uses
      At line 130 in file Startup.s
      At line 257 in file Startup.s

CAN1_Handler 00000116

Symbol: CAN1_Handler
   Definitions
      At line 307 in file Startup.s



ARM Macro Assembler    Page 2 Alphabetic symbol ordering
Relocatable symbols

   Uses
      At line 131 in file Startup.s
      At line 258 in file Startup.s

CAN2_Handler 00000116

Symbol: CAN2_Handler
   Definitions
      At line 308 in file Startup.s
   Uses
      At line 132 in file Startup.s
      At line 259 in file Startup.s

Comp0_Handler 00000116

Symbol: Comp0_Handler
   Definitions
      At line 292 in file Startup.s
   Uses
      At line 116 in file Startup.s
      At line 243 in file Startup.s

Comp1_Handler 00000116

Symbol: Comp1_Handler
   Definitions
      At line 293 in file Startup.s
   Uses
      At line 117 in file Startup.s
      At line 244 in file Startup.s

Comp2_Handler 00000116

Symbol: Comp2_Handler
   Definitions
      At line 294 in file Startup.s
   Uses
      At line 118 in file Startup.s
      At line 245 in file Startup.s

DebugMon_Handler 00000110

Symbol: DebugMon_Handler
   Definitions
      At line 203 in file Startup.s
   Uses
      At line 87 in file Startup.s
      At line 204 in file Startup.s

DisableInterrupts 00000118

Symbol: DisableInterrupts
   Definitions
      At line 334 in file Startup.s
   Uses
      At line 324 in file Startup.s
Comment: DisableInterrupts used once
EnableInterrupts 0000011C




ARM Macro Assembler    Page 3 Alphabetic symbol ordering
Relocatable symbols

Symbol: EnableInterrupts
   Definitions
      At line 342 in file Startup.s
   Uses
      At line 325 in file Startup.s
Comment: EnableInterrupts used once
EndCritical 00000128

Symbol: EndCritical
   Definitions
      At line 359 in file Startup.s
   Uses
      At line 327 in file Startup.s
Comment: EndCritical used once
Ethernet_Handler 00000116

Symbol: Ethernet_Handler
   Definitions
      At line 309 in file Startup.s
   Uses
      At line 133 in file Startup.s
      At line 260 in file Startup.s

FlashCtl_Handler 00000116

Symbol: FlashCtl_Handler
   Definitions
      At line 296 in file Startup.s
   Uses
      At line 120 in file Startup.s
      At line 247 in file Startup.s

GPIOPortA_Handler 00000116

Symbol: GPIOPortA_Handler
   Definitions
      At line 267 in file Startup.s
   Uses
      At line 91 in file Startup.s
      At line 218 in file Startup.s

GPIOPortB_Handler 00000116

Symbol: GPIOPortB_Handler
   Definitions
      At line 268 in file Startup.s
   Uses
      At line 92 in file Startup.s
      At line 219 in file Startup.s

GPIOPortC_Handler 00000116

Symbol: GPIOPortC_Handler
   Definitions
      At line 269 in file Startup.s
   Uses
      At line 93 in file Startup.s
      At line 220 in file Startup.s




ARM Macro Assembler    Page 4 Alphabetic symbol ordering
Relocatable symbols

GPIOPortD_Handler 00000116

Symbol: GPIOPortD_Handler
   Definitions
      At line 270 in file Startup.s
   Uses
      At line 94 in file Startup.s
      At line 221 in file Startup.s

GPIOPortE_Handler 00000116

Symbol: GPIOPortE_Handler
   Definitions
      At line 271 in file Startup.s
   Uses
      At line 95 in file Startup.s
      At line 222 in file Startup.s

GPIOPortF_Handler 00000116

Symbol: GPIOPortF_Handler
   Definitions
      At line 297 in file Startup.s
   Uses
      At line 121 in file Startup.s
      At line 248 in file Startup.s

GPIOPortG_Handler 00000116

Symbol: GPIOPortG_Handler
   Definitions
      At line 298 in file Startup.s
   Uses
      At line 122 in file Startup.s
      At line 249 in file Startup.s

GPIOPortH_Handler 00000116

Symbol: GPIOPortH_Handler
   Definitions
      At line 299 in file Startup.s
   Uses
      At line 123 in file Startup.s
      At line 250 in file Startup.s

HardFault_Handler 00000106

Symbol: HardFault_Handler
   Definitions
      At line 171 in file Startup.s
   Uses
      At line 78 in file Startup.s
      At line 172 in file Startup.s

Hibernate_Handler 00000116

Symbol: Hibernate_Handler
   Definitions
      At line 310 in file Startup.s



ARM Macro Assembler    Page 5 Alphabetic symbol ordering
Relocatable symbols

   Uses
      At line 134 in file Startup.s
      At line 261 in file Startup.s

I2C0_Handler 00000116

Symbol: I2C0_Handler
   Definitions
      At line 275 in file Startup.s
   Uses
      At line 99 in file Startup.s
      At line 226 in file Startup.s

I2C1_Handler 00000116

Symbol: I2C1_Handler
   Definitions
      At line 304 in file Startup.s
   Uses
      At line 128 in file Startup.s
      At line 255 in file Startup.s

IntDefaultHandler 00000116

Symbol: IntDefaultHandler
   Definitions
      At line 216 in file Startup.s
   Uses
      None
Comment: IntDefaultHandler unused
MemManage_Handler 00000108

Symbol: MemManage_Handler
   Definitions
      At line 184 in file Startup.s
   Uses
      At line 79 in file Startup.s
      At line 185 in file Startup.s

NMI_Handler 00000104

Symbol: NMI_Handler
   Definitions
      At line 158 in file Startup.s
   Uses
      At line 77 in file Startup.s
      At line 159 in file Startup.s

PWM0_Handler 00000116

Symbol: PWM0_Handler
   Definitions
      At line 277 in file Startup.s
   Uses
      At line 101 in file Startup.s
      At line 228 in file Startup.s

PWM1_Handler 00000116




ARM Macro Assembler    Page 6 Alphabetic symbol ordering
Relocatable symbols

Symbol: PWM1_Handler
   Definitions
      At line 278 in file Startup.s
   Uses
      At line 102 in file Startup.s
      At line 229 in file Startup.s

PWM2_Handler 00000116

Symbol: PWM2_Handler
   Definitions
      At line 279 in file Startup.s
   Uses
      At line 103 in file Startup.s
      At line 230 in file Startup.s

PWM3_Handler 00000116

Symbol: PWM3_Handler
   Definitions
      At line 312 in file Startup.s
   Uses
      At line 136 in file Startup.s
      At line 263 in file Startup.s

PWMFault_Handler 00000116

Symbol: PWMFault_Handler
   Definitions
      At line 276 in file Startup.s
   Uses
      At line 100 in file Startup.s
      At line 227 in file Startup.s

PendSV_Handler 00000112

Symbol: PendSV_Handler
   Definitions
      At line 207 in file Startup.s
   Uses
      At line 89 in file Startup.s
      At line 208 in file Startup.s

Quadrature0_Handler 00000116

Symbol: Quadrature0_Handler
   Definitions
      At line 280 in file Startup.s
   Uses
      At line 104 in file Startup.s
      At line 231 in file Startup.s

Quadrature1_Handler 00000116

Symbol: Quadrature1_Handler
   Definitions
      At line 305 in file Startup.s
   Uses
      At line 129 in file Startup.s



ARM Macro Assembler    Page 7 Alphabetic symbol ordering
Relocatable symbols

      At line 256 in file Startup.s

RESET 00000000

Symbol: RESET
   Definitions
      At line 59 in file Startup.s
   Uses
      None
Comment: RESET unused
Reset_Handler 00000100

Symbol: Reset_Handler
   Definitions
      At line 147 in file Startup.s
   Uses
      At line 76 in file Startup.s
      At line 146 in file Startup.s

SSI0_Handler 00000116

Symbol: SSI0_Handler
   Definitions
      At line 274 in file Startup.s
   Uses
      At line 98 in file Startup.s
      At line 225 in file Startup.s

SSI1_Handler 00000116

Symbol: SSI1_Handler
   Definitions
      At line 301 in file Startup.s
   Uses
      At line 125 in file Startup.s
      At line 252 in file Startup.s

SVC_Handler 0000010E

Symbol: SVC_Handler
   Definitions
      At line 198 in file Startup.s
   Uses
      At line 86 in file Startup.s
      At line 199 in file Startup.s

StartCritical 00000120

Symbol: StartCritical
   Definitions
      At line 350 in file Startup.s
   Uses
      At line 326 in file Startup.s
Comment: StartCritical used once
SysCtl_Handler 00000116

Symbol: SysCtl_Handler
   Definitions
      At line 295 in file Startup.s



ARM Macro Assembler    Page 8 Alphabetic symbol ordering
Relocatable symbols

   Uses
      At line 119 in file Startup.s
      At line 246 in file Startup.s

SysTick_Handler 00000114

Symbol: SysTick_Handler
   Definitions
      At line 211 in file Startup.s
   Uses
      At line 90 in file Startup.s
      At line 212 in file Startup.s

Timer0A_Handler 00000116

Symbol: Timer0A_Handler
   Definitions
      At line 286 in file Startup.s
   Uses
      At line 110 in file Startup.s
      At line 237 in file Startup.s

Timer0B_Handler 00000116

Symbol: Timer0B_Handler
   Definitions
      At line 287 in file Startup.s
   Uses
      At line 111 in file Startup.s
      At line 238 in file Startup.s

Timer1A_Handler 00000116

Symbol: Timer1A_Handler
   Definitions
      At line 288 in file Startup.s
   Uses
      At line 112 in file Startup.s
      At line 239 in file Startup.s

Timer1B_Handler 00000116

Symbol: Timer1B_Handler
   Definitions
      At line 289 in file Startup.s
   Uses
      At line 113 in file Startup.s
      At line 240 in file Startup.s

Timer2A_Handler 00000116

Symbol: Timer2A_Handler
   Definitions
      At line 290 in file Startup.s
   Uses
      At line 114 in file Startup.s
      At line 241 in file Startup.s

Timer2B_Handler 00000116



ARM Macro Assembler    Page 9 Alphabetic symbol ordering
Relocatable symbols


Symbol: Timer2B_Handler
   Definitions
      At line 291 in file Startup.s
   Uses
      At line 115 in file Startup.s
      At line 242 in file Startup.s

Timer3A_Handler 00000116

Symbol: Timer3A_Handler
   Definitions
      At line 302 in file Startup.s
   Uses
      At line 126 in file Startup.s
      At line 253 in file Startup.s

Timer3B_Handler 00000116

Symbol: Timer3B_Handler
   Definitions
      At line 303 in file Startup.s
   Uses
      At line 127 in file Startup.s
      At line 254 in file Startup.s

UART0_Handler 00000116

Symbol: UART0_Handler
   Definitions
      At line 272 in file Startup.s
   Uses
      At line 96 in file Startup.s
      At line 223 in file Startup.s

UART1_Handler 00000116

Symbol: UART1_Handler
   Definitions
      At line 273 in file Startup.s
   Uses
      At line 97 in file Startup.s
      At line 224 in file Startup.s

UART2_Handler 00000116

Symbol: UART2_Handler
   Definitions
      At line 300 in file Startup.s
   Uses
      At line 124 in file Startup.s
      At line 251 in file Startup.s

USB0_Handler 00000116

Symbol: USB0_Handler
   Definitions
      At line 311 in file Startup.s
   Uses



ARM Macro Assembler    Page 10 Alphabetic symbol ordering
Relocatable symbols

      At line 135 in file Startup.s
      At line 262 in file Startup.s

UsageFault_Handler 0000010C

Symbol: UsageFault_Handler
   Definitions
      At line 194 in file Startup.s
   Uses
      At line 81 in file Startup.s
      At line 195 in file Startup.s

WDT_Handler 00000116

Symbol: WDT_Handler
   Definitions
      At line 285 in file Startup.s
   Uses
      At line 109 in file Startup.s
      At line 236 in file Startup.s

WaitForInterrupt 0000012E

Symbol: WaitForInterrupt
   Definitions
      At line 367 in file Startup.s
   Uses
      At line 328 in file Startup.s
Comment: WaitForInterrupt used once
__Vectors 00000000

Symbol: __Vectors
   Definitions
      At line 74 in file Startup.s
   Uses
      At line 73 in file Startup.s
Comment: __Vectors used once
uDMA_Error 00000116

Symbol: uDMA_Error
   Definitions
      At line 314 in file Startup.s
   Uses
      At line 138 in file Startup.s
      At line 265 in file Startup.s

uDMA_Handler 00000116

Symbol: uDMA_Handler
   Definitions
      At line 313 in file Startup.s
   Uses
      At line 137 in file Startup.s
      At line 264 in file Startup.s

66 symbols



ARM Macro Assembler    Page 1 Alphabetic symbol ordering
Absolute symbols

Stack 00000400

Symbol: Stack
   Definitions
      At line 35 in file Startup.s
   Uses
      At line 44 in file Startup.s
      At line 75 in file Startup.s

1 symbol



ARM Macro Assembler    Page 1 Alphabetic symbol ordering
External symbols

Start 00000000

Symbol: Start
   Definitions
      At line 148 in file Startup.s
   Uses
      At line 149 in file Startup.s
Comment: Start used once
1 symbol
401 symbols in table
