


ARM Macro Assembler    Page 1 


    1 00000000         ; Debug.s
    2 00000000         
    3 00000000 400243FC 
                       GPIO_PORTE_DATA_R
                               EQU              0x400243FC
    4 00000000 400FE108 
                       SYSCTL_RCGC2_R
                               EQU              0x400FE108
    5 00000000 00000040 
                       SYSCTL_RCGC2_GPIOG
                               EQU              0x00000040
    6 00000000 400263FC 
                       GPIO_PORTG_DATA_R
                               EQU              0x400263FC
    7 00000000 40026420 
                       GPIO_PORTG_AFSEL_R
                               EQU              0x40026420
    8 00000000 40026400 
                       GPIO_PORTG_DIR_R
                               EQU              0x40026400
    9 00000000 40026510 
                       GPIO_PORTG_PUR_R
                               EQU              0x40026510
   10 00000000 4002651C 
                       GPIO_PORTG_DEN_R
                               EQU              0x4002651C
   11 00000000 E000E018 
                       NVIC_ST_CURRENT_R
                               EQU              0xE000E018
   12 00000000 FFFFFFFF 
                       CLEAR_ENTRY
                               EQU              0xFFFFFFFF
   13 00000000         
   14 00000000                 AREA             DATA, ALIGN=2
   15 00000000         DataBuffer
   16 00000000 00 00 00 
              00 00 00 
              00 00 00 
              00 00 00 
              00 00 00 
              00 00 00 
              00 00 00 
              00 00 00 
              00 00 00 
              00 00 00 
              00 00 00 
              00 00 00 
              00 00 00 
              00 00 00 
              00 00 00 
              00 00 00 
              00 00            SPACE            50
   17 00000032         TimeBuffer
   18 00000032 00 00 00 
              00 00 00 
              00 00 00 
              00 00 00 
              00 00 00 
              00 00 00 



ARM Macro Assembler    Page 2 


              00 00 00 
              00 00 00 
              00 00 00 
              00 00 00 
              00 00 00 
              00 00 00 
              00 00 00 
              00 00 00 
              00 00 00 
              00 00 00 
              00 00 00 
              00 00 00 
              00 00 00 
              00 00 00 
              00 00 00 
              00 00 00 
              00 00 00 
              00 00 00 
              00 00 00 
              00 00 00 
              00 00 00 
              00 00 00 
              00 00 00 
              00 00 00 
              00 00 00 
              00 00 00 
              00 00 00 
              00 00 00 
              00 00 00 
              00 00 00 
              00 00 00 
              00 00 00 
              00 00 00 
              00 00 00 
              00 00 00 
              00 00 00 
              00 00 00 
              00 00 00 
              00 00 00 
              00 00 00 
              00 00 00 
              00 00 00 
              00 00 00 
              00 00 00 
              00 00 00 
              00 00 00 
              00 00 00 
              00 00 00 
              00 00 00 
              00 00 00 
              00 00 00 
              00 00 00 
              00 00 00 
              00 00 00 
              00 00 00 
              00 00 00 
              00 00 00 
              00 00 00 
              00 00 00 



ARM Macro Assembler    Page 3 


              00 00 00 
              00 00            SPACE            200
   19 000000FA         DataPt
   20 000000FA 00 00 00 
              00               SPACE            4
   21 000000FE         TimePt
   22 000000FE 00 00 00 
              00               SPACE            4
   23 00000102         
   24 00000102                 AREA             |.text|, CODE, READONLY, ALIGN=
2
   25 00000000                 THUMB
   26 00000000                 IMPORT           SysTick_Init
   27 00000000                 EXPORT           Debug_Init
   28 00000000                 EXPORT           Debug_Capture
   29 00000000         
   30 00000000         Debug_Init
   31 00000000 B50F            PUSH             {R0,R1,R2,R3,LR}
   32 00000002 492E            LDR              R1, =SYSCTL_RCGC2_R
   33 00000004 F04F 0040       LDR              R0, =SYSCTL_RCGC2_GPIOG
   34 00000008 680A            LDR              R2, [R1]
   35 0000000A EA42 0200       ORR              R2, R2, R0
   36 0000000E 600A            STR              R2, [R1]
   37 00000010 F04F 00C8       MOV              R0, #200
   38 00000014 F04F 31FF       LDR              R1, =CLEAR_ENTRY
   39 00000018 4A29            LDR              R2, =TimeBuffer
   40 0000001A         time_init_loop
   41 0000001A F1A0 0004       SUB              R0, R0, #4
   42 0000001E 5011            STR              R1, [R2,R0]
   43 00000020 2800            CMP              R0, #0
   44 00000022 D1FA            BNE              time_init_loop
   45 00000024 F04F 0032       MOV              R0, #50
   46 00000028 4A26            LDR              R2, =DataBuffer
   47 0000002A         data_init_loop
   48 0000002A F1A0 0001       SUB              R0, R0, #1
   49 0000002E 5411            STRB             R1, [R2,R0]
   50 00000030 2800            CMP              R0, #0
   51 00000032 D1FA            BNE              data_init_loop
   52 00000034         
   53 00000034 4824            LDR              R0, =DataPt
   54 00000036 6002            STR              R2, [R0]
   55 00000038 4A21            LDR              R2, =TimeBuffer
   56 0000003A 4824            LDR              R0, =TimePt
   57 0000003C 6002            STR              R2, [R0]
   58 0000003E F7FF FFFE       BL               SysTick_Init
   59 00000042         ; Disable pull-up on pin 2
   60 00000042 4823            LDR              R0, =GPIO_PORTG_AFSEL_R
   61 00000044 6801            LDR              R1, [R0]
   62 00000046 F021 0104       BIC              R1, R1, #0x04
   63 0000004A 6001            STR              R1, [R0]
   64 0000004C         ; Set direction register on heartbeat LED
   65 0000004C 4821            LDR              R0, =GPIO_PORTG_DIR_R
   66 0000004E 6801            LDR              R1, [R0]
   67 00000050 F041 0104       ORR              R1, R1, #0x04
   68 00000054 6001            STR              R1, [R0]
   69 00000056         ; Set pull up on pin 2
   70 00000056 4820            LDR              R0, =GPIO_PORTG_PUR_R
   71 00000058 6801            LDR              R1, [R0]
   72 0000005A F041 0104       ORR              R1, R1, #0x04



ARM Macro Assembler    Page 4 


   73 0000005E 6001            STR              R1, [R0]
   74 00000060         ; Enable heartbeat LED
   75 00000060 481E            LDR              R0, =GPIO_PORTG_DEN_R
   76 00000062 6801            LDR              R1, [R0]
   77 00000064 F041 0104       ORR              R1, R1, #0x04
   78 00000068 6001            STR              R1, [R0]
   79 0000006A BD0F            POP              {R0,R1,R2,R3,PC}
   80 0000006C         
   81 0000006C         Debug_Capture
   82 0000006C         ; Uses on the order of 30 bus cycles when capturing, 8 w
                       hen full.
   83 0000006C         ; Consumes .000084% of time.
   84 0000006C B507            PUSH             {R0,R1,R2,LR}
   85 0000006E 481C            LDR              R0, =GPIO_PORTG_DATA_R
   86 00000070 6801            LDR              R1, [R0]
   87 00000072 F081 0104       EOR              R1, #0x04
   88 00000076 6001            STR              R1, [R0]
   89 00000078         ; Checking that DataPt does not exceed DataBuffer by mor
                       e than 49
   90 00000078 4813            LDR              R0, =DataPt
   91 0000007A 6801            LDR              R1, [R0]
   92 0000007C 4811            LDR              R0, =DataBuffer
   93 0000007E EBA1 0000       SUB              R0, R1, R0
   94 00000082 28C8            CMP              R0, #200
   95 00000084 D219            BHS              Debug_Full
   96 00000086         ; Reading Port E Data
   97 00000086 4917            LDR              R1, =GPIO_PORTE_DATA_R
   98 00000088 6808            LDR              R0, [R1]
   99 0000008A         ; Selecting bits and shifting to appropriate position
  100 0000008A F000 0101       AND              R1, R0, #0x01
  101 0000008E F000 0202       AND              R2, R0, #0x02
  102 00000092 EA4F 1101       LSL              R1, R1, #4
  103 00000096 EA4F 0252       LSR              R2, R2, #1
  104 0000009A EA41 0102       ORR              R1, R1, R2
  105 0000009E         ; Appending to DataBuffer
  106 0000009E 4A0A            LDR              R2, =DataPt
  107 000000A0 6810            LDR              R0, [R2]
  108 000000A2 7001            STRB             R1, [R0]
  109 000000A4         ; Incrementing DataPt
  110 000000A4 F100 0001       ADD              R0, R0, #1
  111 000000A8 6010            STR              R0, [R2]
  112 000000AA         ; Loading Current SysTick Time
  113 000000AA 480F            LDR              R0, =NVIC_ST_CURRENT_R
  114 000000AC 6801            LDR              R1, [R0]
  115 000000AE 4A07            LDR              R2, =TimePt
  116 000000B0 6810            LDR              R0, [R2]
  117 000000B2 6001            STR              R1, [R0]
  118 000000B4         ; Incrementing TimePt
  119 000000B4 F100 0004       ADD              R0, R0, #4
  120 000000B8 6010            STR              R0, [R2]
  121 000000BA         Debug_Full
  122 000000BA BD07            POP              {R0,R1,R2,PC}
  123 000000BC         
  124 000000BC         
  125 000000BC                 ALIGN                        ; make sure the end
                                                             of this section is
                                                             aligned
  126 000000BC                 END                          ; end of file
              400FE108 



ARM Macro Assembler    Page 5 


              00000000 
              00000000 
              00000000 
              00000000 
              40026420 
              40026400 
              40026510 
              4002651C 
              400263FC 
              400243FC 
              E000E018 
Command Line: --debug --xref --cpu=Cortex-M3 --apcs=interwork --depend=Debug.d 
-oDebug.o -IC:\Keil\ARM\RV31\INC -IC:\Keil\ARM\CMSIS\Include -IC:\Keil\ARM\Inc\
Luminary --list=Debug.lst Debug.s



ARM Macro Assembler    Page 1 Alphabetic symbol ordering
Relocatable symbols

DATA 00000000

Symbol: DATA
   Definitions
      At line 14 in file Debug.s
   Uses
      None
Comment: DATA unused
DataBuffer 00000000

Symbol: DataBuffer
   Definitions
      At line 15 in file Debug.s
   Uses
      At line 46 in file Debug.s
      At line 92 in file Debug.s

DataPt 000000FA

Symbol: DataPt
   Definitions
      At line 19 in file Debug.s
   Uses
      At line 53 in file Debug.s
      At line 90 in file Debug.s
      At line 106 in file Debug.s

TimeBuffer 00000032

Symbol: TimeBuffer
   Definitions
      At line 17 in file Debug.s
   Uses
      At line 39 in file Debug.s
      At line 55 in file Debug.s

TimePt 000000FE

Symbol: TimePt
   Definitions
      At line 21 in file Debug.s
   Uses
      At line 56 in file Debug.s
      At line 115 in file Debug.s

5 symbols



ARM Macro Assembler    Page 1 Alphabetic symbol ordering
Relocatable symbols

.text 00000000

Symbol: .text
   Definitions
      At line 24 in file Debug.s
   Uses
      None
Comment: .text unused
Debug_Capture 0000006C

Symbol: Debug_Capture
   Definitions
      At line 81 in file Debug.s
   Uses
      At line 28 in file Debug.s
Comment: Debug_Capture used once
Debug_Full 000000BA

Symbol: Debug_Full
   Definitions
      At line 121 in file Debug.s
   Uses
      At line 95 in file Debug.s
Comment: Debug_Full used once
Debug_Init 00000000

Symbol: Debug_Init
   Definitions
      At line 30 in file Debug.s
   Uses
      At line 27 in file Debug.s
Comment: Debug_Init used once
data_init_loop 0000002A

Symbol: data_init_loop
   Definitions
      At line 47 in file Debug.s
   Uses
      At line 51 in file Debug.s
Comment: data_init_loop used once
time_init_loop 0000001A

Symbol: time_init_loop
   Definitions
      At line 40 in file Debug.s
   Uses
      At line 44 in file Debug.s
Comment: time_init_loop used once
6 symbols



ARM Macro Assembler    Page 1 Alphabetic symbol ordering
Absolute symbols

CLEAR_ENTRY FFFFFFFF

Symbol: CLEAR_ENTRY
   Definitions
      At line 12 in file Debug.s
   Uses
      At line 38 in file Debug.s
Comment: CLEAR_ENTRY used once
GPIO_PORTE_DATA_R 400243FC

Symbol: GPIO_PORTE_DATA_R
   Definitions
      At line 3 in file Debug.s
   Uses
      At line 97 in file Debug.s
Comment: GPIO_PORTE_DATA_R used once
GPIO_PORTG_AFSEL_R 40026420

Symbol: GPIO_PORTG_AFSEL_R
   Definitions
      At line 7 in file Debug.s
   Uses
      At line 60 in file Debug.s
Comment: GPIO_PORTG_AFSEL_R used once
GPIO_PORTG_DATA_R 400263FC

Symbol: GPIO_PORTG_DATA_R
   Definitions
      At line 6 in file Debug.s
   Uses
      At line 85 in file Debug.s
Comment: GPIO_PORTG_DATA_R used once
GPIO_PORTG_DEN_R 4002651C

Symbol: GPIO_PORTG_DEN_R
   Definitions
      At line 10 in file Debug.s
   Uses
      At line 75 in file Debug.s
Comment: GPIO_PORTG_DEN_R used once
GPIO_PORTG_DIR_R 40026400

Symbol: GPIO_PORTG_DIR_R
   Definitions
      At line 8 in file Debug.s
   Uses
      At line 65 in file Debug.s
Comment: GPIO_PORTG_DIR_R used once
GPIO_PORTG_PUR_R 40026510

Symbol: GPIO_PORTG_PUR_R
   Definitions
      At line 9 in file Debug.s
   Uses
      At line 70 in file Debug.s
Comment: GPIO_PORTG_PUR_R used once
NVIC_ST_CURRENT_R E000E018

Symbol: NVIC_ST_CURRENT_R



ARM Macro Assembler    Page 2 Alphabetic symbol ordering
Absolute symbols

   Definitions
      At line 11 in file Debug.s
   Uses
      At line 113 in file Debug.s
Comment: NVIC_ST_CURRENT_R used once
SYSCTL_RCGC2_GPIOG 00000040

Symbol: SYSCTL_RCGC2_GPIOG
   Definitions
      At line 5 in file Debug.s
   Uses
      At line 33 in file Debug.s
Comment: SYSCTL_RCGC2_GPIOG used once
SYSCTL_RCGC2_R 400FE108

Symbol: SYSCTL_RCGC2_R
   Definitions
      At line 4 in file Debug.s
   Uses
      At line 32 in file Debug.s
Comment: SYSCTL_RCGC2_R used once
10 symbols



ARM Macro Assembler    Page 1 Alphabetic symbol ordering
External symbols

SysTick_Init 00000000

Symbol: SysTick_Init
   Definitions
      At line 26 in file Debug.s
   Uses
      At line 58 in file Debug.s
Comment: SysTick_Init used once
1 symbol
354 symbols in table
