


ARM Macro Assembler    Page 1 


    1 00000000         ; main.s
    2 00000000         ; Your named 
    3 00000000         ; Runs on LM3S1968
    4 00000000         ; Lab 2 EE319K Summer 2012
    5 00000000         ; Toggle on PG2 LED if select switch pressed pressed
    6 00000000         ; Date Created: May 23, 2012 
    7 00000000         ; Last Modified: 6/4/2012 
    8 00000000         
    9 00000000         ; "Status" LED connected to PG2     positive logic
   10 00000000         ; "Select" button connected to PG7  negative logic
   11 00000000         
   12 00000000         
   13 00000000 400243FC 
                       GPIO_PORTE_DATA_R
                               EQU              0x400243FC
   14 00000000 40024420 
                       GPIO_PORTE_AFSEL_R
                               EQU              0x40024420
   15 00000000 40024400 
                       GPIO_PORTE_DIR_R
                               EQU              0x40024400
   16 00000000 40024510 
                       GPIO_PORTE_PUR_R
                               EQU              0x40024510
   17 00000000 40024514 
                       GPIO_PORTE_PDR_R
                               EQU              0x40024514
   18 00000000 4002451C 
                       GPIO_PORTE_DEN_R
                               EQU              0x4002451C
   19 00000000 40024008 
                       GPIO_PORTE_PIN_1
                               EQU              0x40024008
   20 00000000         
   21 00000000 400FE108 
                       SYSCTL_RCGC2_R
                               EQU              0x400FE108
   22 00000000 00000010 
                       SYSCTL_RCGC2_GPIOE
                               EQU              0x00000010
   23 00000000 E000E010 
                       NVIC_ST_CTRL_R
                               EQU              0xE000E010
   24 00000000 E000E014 
                       NVIC_ST_RELOAD_R
                               EQU              0xE000E014
   25 00000000 E000E018 
                       NVIC_ST_CURRENT_R
                               EQU              0xE000E018
   26 00000000 00FFFFFF 
                       NVIC_ST_RELOAD_M
                               EQU              0x00FFFFFF
   27 00000000         
   28 00000000 00002ED0 
                       SYSTICK_DELAY_1MS
                               EQU              0x00002ED0
   29 00000000         
   30 00000000         
   31 00000000                 AREA             |.text|, CODE, READONLY, ALIGN=



ARM Macro Assembler    Page 2 


2
   32 00000000                 THUMB
   33 00000000                 EXPORT           Start
   34 00000000                 IMPORT           PLL_Init
   35 00000000                 IMPORT           Debug_Init
   36 00000000                 IMPORT           Debug_Capture
   37 00000000         
   38 00000000         Start
   39 00000000 F7FF FFFE       BL               PLL_Init
   40 00000004 F7FF FFFE       BL               Debug_Init
   41 00000008         ; Initialize clock
   42 00000008 491F            LDR              R1, =SYSCTL_RCGC2_R
   43 0000000A F04F 0010       LDR              R0, =SYSCTL_RCGC2_GPIOE
   44 0000000E 680A            LDR              R2, [R1]
   45 00000010 EA42 0200       ORR              R2, R2, R0
   46 00000014 600A            STR              R2, [R1]
   47 00000016 BF00            NOP
   48 00000018 BF00            NOP
   49 0000001A         ; Disable alternate function (pins 0&1)
   50 0000001A 491C            LDR              R1, =GPIO_PORTE_AFSEL_R
   51 0000001C 6808            LDR              R0, [R1]
   52 0000001E F020 0003       BIC              R0, #0x03
   53 00000022 6008            STR              R0, [R1]
   54 00000024         ; Set pull down on PORTE pin 0.
   55 00000024 491A            LDR              R1, =GPIO_PORTE_PDR_R
   56 00000026 6808            LDR              R0, [R1]
   57 00000028 F040 0001       ORR              R0, #0x01
   58 0000002C 6008            STR              R0, [R1]
   59 0000002E         ; Set direction register (0: input; 1: output)
   60 0000002E 4919            LDR              R1, =GPIO_PORTE_DIR_R
   61 00000030 6808            LDR              R0, [R1]
   62 00000032 F020 0001       BIC              R0, #0x01
   63 00000036 F040 0002       ORR              R0, #0x02
   64 0000003A 6008            STR              R0, [R1]
   65 0000003C         ; Digital enable (pins 0&1)
   66 0000003C 4916            LDR              R1, =GPIO_PORTE_DEN_R
   67 0000003E 6808            LDR              R0, [R1]
   68 00000040 F040 0003       ORR              R0, #0x03
   69 00000044 6008            STR              R0, [R1]
   70 00000046         ; Load initial toggle value
   71 00000046 F04F 0100       MOV              R1, #0x00
   72 0000004A 4A14            LDR              R2, =GPIO_PORTE_DATA_R
   73 0000004C 4B14            LDR              R3, =GPIO_PORTE_PIN_1
   74 0000004E         loop
   75 0000004E 6810            LDR              R0, [R2]
   76 00000050         ; Toggle R1 bit 0
   77 00000050 F081 0101       EOR              R1, R1, #0x01
   78 00000054 EA61 0000       ORN              R0, R1, R0
   79 00000058 EA4F 0040       LSL              R0, R0, #0x01
   80 0000005C 6018            STR              R0, [R3]
   81 0000005E F7FF FFFE       BL               Debug_Capture
   82 00000062 F000 F808       BL               Wait_8Hz
   83 00000066 E7F2            B                loop
   84 00000068         
   85 00000068         Wait_1ms
   86 00000068 B503            PUSH             {R0, R1, LR}
   87 0000006A F244 111A       MOV              R1, #0x411A
   88 0000006E 4608            MOV              R0, R1
   89 00000070         busy_loop



ARM Macro Assembler    Page 3 


   90 00000070 1E40            SUBS             R0, R0, #0x01
   91 00000072 D1FD            BNE              busy_loop
   92 00000074 BD03            POP              {R0, R1, PC}
   93 00000076         
   94 00000076         Wait_8Hz
   95 00000076 B501            PUSH             {R0, LR}
   96 00000078 F04F 003E       MOV              R0, #62
   97 0000007C         Wait_1s_repeat
   98 0000007C F7FF FFF4       BL               Wait_1ms
   99 00000080 1E40            SUBS             R0, R0, #0x01
  100 00000082 D1FB            BNE              Wait_1s_repeat
  101 00000084 BD01            POP              {R0, PC}
  102 00000086         
  103 00000086 00 00           ALIGN                        ; make sure the end
                                                             of this section is
                                                             aligned
  104 00000088                 END                          ; end of file
              400FE108 
              40024420 
              40024514 
              40024400 
              4002451C 
              400243FC 
              40024008 
Command Line: --debug --xref --cpu=Cortex-M3 --apcs=interwork --depend=main.d -
omain.o -IC:\Keil\ARM\RV31\INC -IC:\Keil\ARM\CMSIS\Include -IC:\Keil\ARM\Inc\Lu
minary --list=main.lst main.s



ARM Macro Assembler    Page 1 Alphabetic symbol ordering
Relocatable symbols

.text 00000000

Symbol: .text
   Definitions
      At line 31 in file main.s
   Uses
      None
Comment: .text unused
Start 00000000

Symbol: Start
   Definitions
      At line 38 in file main.s
   Uses
      At line 33 in file main.s
Comment: Start used once
Wait_1ms 00000068

Symbol: Wait_1ms
   Definitions
      At line 85 in file main.s
   Uses
      At line 98 in file main.s
Comment: Wait_1ms used once
Wait_1s_repeat 0000007C

Symbol: Wait_1s_repeat
   Definitions
      At line 97 in file main.s
   Uses
      At line 100 in file main.s
Comment: Wait_1s_repeat used once
Wait_8Hz 00000076

Symbol: Wait_8Hz
   Definitions
      At line 94 in file main.s
   Uses
      At line 82 in file main.s
Comment: Wait_8Hz used once
busy_loop 00000070

Symbol: busy_loop
   Definitions
      At line 89 in file main.s
   Uses
      At line 91 in file main.s
Comment: busy_loop used once
loop 0000004E

Symbol: loop
   Definitions
      At line 74 in file main.s
   Uses
      At line 83 in file main.s
Comment: loop used once
7 symbols



ARM Macro Assembler    Page 1 Alphabetic symbol ordering
Absolute symbols

GPIO_PORTE_AFSEL_R 40024420

Symbol: GPIO_PORTE_AFSEL_R
   Definitions
      At line 14 in file main.s
   Uses
      At line 50 in file main.s
Comment: GPIO_PORTE_AFSEL_R used once
GPIO_PORTE_DATA_R 400243FC

Symbol: GPIO_PORTE_DATA_R
   Definitions
      At line 13 in file main.s
   Uses
      At line 72 in file main.s
Comment: GPIO_PORTE_DATA_R used once
GPIO_PORTE_DEN_R 4002451C

Symbol: GPIO_PORTE_DEN_R
   Definitions
      At line 18 in file main.s
   Uses
      At line 66 in file main.s
Comment: GPIO_PORTE_DEN_R used once
GPIO_PORTE_DIR_R 40024400

Symbol: GPIO_PORTE_DIR_R
   Definitions
      At line 15 in file main.s
   Uses
      At line 60 in file main.s
Comment: GPIO_PORTE_DIR_R used once
GPIO_PORTE_PDR_R 40024514

Symbol: GPIO_PORTE_PDR_R
   Definitions
      At line 17 in file main.s
   Uses
      At line 55 in file main.s
Comment: GPIO_PORTE_PDR_R used once
GPIO_PORTE_PIN_1 40024008

Symbol: GPIO_PORTE_PIN_1
   Definitions
      At line 19 in file main.s
   Uses
      At line 73 in file main.s
Comment: GPIO_PORTE_PIN_1 used once
GPIO_PORTE_PUR_R 40024510

Symbol: GPIO_PORTE_PUR_R
   Definitions
      At line 16 in file main.s
   Uses
      None
Comment: GPIO_PORTE_PUR_R unused
NVIC_ST_CTRL_R E000E010

Symbol: NVIC_ST_CTRL_R



ARM Macro Assembler    Page 2 Alphabetic symbol ordering
Absolute symbols

   Definitions
      At line 23 in file main.s
   Uses
      None
Comment: NVIC_ST_CTRL_R unused
NVIC_ST_CURRENT_R E000E018

Symbol: NVIC_ST_CURRENT_R
   Definitions
      At line 25 in file main.s
   Uses
      None
Comment: NVIC_ST_CURRENT_R unused
NVIC_ST_RELOAD_M 00FFFFFF

Symbol: NVIC_ST_RELOAD_M
   Definitions
      At line 26 in file main.s
   Uses
      None
Comment: NVIC_ST_RELOAD_M unused
NVIC_ST_RELOAD_R E000E014

Symbol: NVIC_ST_RELOAD_R
   Definitions
      At line 24 in file main.s
   Uses
      None
Comment: NVIC_ST_RELOAD_R unused
SYSCTL_RCGC2_GPIOE 00000010

Symbol: SYSCTL_RCGC2_GPIOE
   Definitions
      At line 22 in file main.s
   Uses
      At line 43 in file main.s
Comment: SYSCTL_RCGC2_GPIOE used once
SYSCTL_RCGC2_R 400FE108

Symbol: SYSCTL_RCGC2_R
   Definitions
      At line 21 in file main.s
   Uses
      At line 42 in file main.s
Comment: SYSCTL_RCGC2_R used once
SYSTICK_DELAY_1MS 00002ED0

Symbol: SYSTICK_DELAY_1MS
   Definitions
      At line 28 in file main.s
   Uses
      None
Comment: SYSTICK_DELAY_1MS unused
14 symbols



ARM Macro Assembler    Page 1 Alphabetic symbol ordering
External symbols

Debug_Capture 00000000

Symbol: Debug_Capture
   Definitions
      At line 36 in file main.s
   Uses
      At line 81 in file main.s
Comment: Debug_Capture used once
Debug_Init 00000000

Symbol: Debug_Init
   Definitions
      At line 35 in file main.s
   Uses
      At line 40 in file main.s
Comment: Debug_Init used once
PLL_Init 00000000

Symbol: PLL_Init
   Definitions
      At line 34 in file main.s
   Uses
      At line 39 in file main.s
Comment: PLL_Init used once
3 symbols
356 symbols in table
